KleioTranslator - server version 12.2 - build 560 (MHK: 2241/master) (2024-01-08 08:21:10, MHK: 09/01/2024 09:44 )
11-1-2024 8-38

Processing data file mhk_identification_commerst.cli
-------------------------------------------
Generic Act translation module with geoentities (XML).
     Joaquim Ramos de Carvalho (joaquim@uc.pt) 
** New document: kleio
=========================
kleio translation started
=========================
Structure: gacto2.str
Prefix: 
Autorel: 
Translation count: 
Obs: Generated from database commerst by user commerst, file date: +2023-12-12 Timestamp:2023-12-12T14:13:56.395Z
Translation count not set or invalid, counting as zero: 
** Processing authority register identifications$real-entities-commerst
** Processing rperson record rperson$rp-10
**     Processing rentity occurence A17-1712
**     Processing rentity occurence B26-2606
**     Processing rentity occurence D2607-2607
**     Processing rentity occurence E0709-0709
**     Processing rentity occurence E0712-0712
**     Processing rentity occurence F24-2403
** Processing rperson record rperson$rp-74
**     Processing rentity occurence A5-0502-per1
**     Processing rentity occurence F27-2701
** Processing rperson record rperson$rp-1
**     Processing rentity occurence A3007-3007
**     Processing rentity occurence aniverD2108-per1
**     Processing rentity occurence D2209-2209
**     Processing rentity occurence F2710-2710
** Processing rperson record rperson$rp-11
**     Processing rentity occurence B3-0304
**     Processing rentity occurence C17-1701
**     Processing rentity occurence C21-2102
**     Processing rentity occurence D3-0305
**     Processing rentity occurence F3b-0303
** Processing rperson record rperson$rp-12
**     Processing rentity occurence A18-1806
**     Processing rentity occurence B2009-2009
**     Processing rentity occurence B22-2205
**     Processing rentity occurence D19-1904
** Processing rperson record rperson$rp-13
**     Processing rentity occurence A5-0502
**     Processing rentity occurence A5-0503
**     Processing rentity occurence B05-0506
**     Processing rentity occurence D05-0507
**     Processing rentity occurence D5-0504
** Processing rperson record rperson$rp-44
**     Processing rentity occurence B12-1206
**     Processing rentity occurence C21-2103
**     Processing rentity occurence D12-1204
** Processing rperson record rperson$rp-14
**     Processing rentity occurence F1-0601
**     Processing rentity occurence F5-0505
** Processing rperson record rperson$rp-15
**     Processing rentity occurence A05-0511
**     Processing rentity occurence B1311-1311
**     Processing rentity occurence E2-0202
** Processing rperson record rperson$rp-81
**     Processing rentity occurence B8-0805-per1
**     Processing rentity occurence C2708-2708-per1
**     Processing rentity occurence D26-2604-per1
**     Processing rentity occurence F23-2306
**     Processing rentity occurence G23-2312-per1
** Processing rperson record rperson$rp-16
**     Processing rentity occurence E20-2004
**     Processing rentity occurence G22-2204
** Processing rperson record rperson$rp-17
**     Processing rentity occurence A30-3004
**     Processing rentity occurence B18-1812
**     Processing rentity occurence B2310-2310
**     Processing rentity occurence C1411-1411
**     Processing rentity occurence C24-2401
**     Processing rentity occurence C30-3005
**     Processing rentity occurence E2908-2908
**     Processing rentity occurence F07-0707
**     Processing rentity occurence F30-3006
**     Processing rentity occurence F31-3103
**     Processing rentity occurence G30-3009
** Processing rperson record rperson$rp-18
**     Processing rentity occurence aniverA2c-per1
**     Processing rentity occurence aniverB2-per1
**     Processing rentity occurence D02-0208
**     Processing rentity occurence G0212-0212
** Processing rperson record rperson$rp-45
**     Processing rentity occurence A0313-0312
**     Processing rentity occurence A06-0608
**     Processing rentity occurence aniverA9-per1
**     Processing rentity occurence B03-0307
**     Processing rentity occurence C14-1402
**     Processing rentity occurence C14-1403
**     Processing rentity occurence D10-1005
**     Processing rentity occurence E05-0510
**     Processing rentity occurence F03-0311
**     Processing rentity occurence F09-0906
**     Processing rentity occurence G1109-1109
**     Processing rentity occurence G7-0701
** Processing rperson record rperson$rp-19
**     Processing rentity occurence A22-2201
**     Processing rentity occurence A2910-2910
**     Processing rentity occurence aniver-jan-bernardo05
**     Processing rentity occurence B04-0409
**     Processing rentity occurence B10-1007
**     Processing rentity occurence C04-0407
**     Processing rentity occurence C0512-0512
**     Processing rentity occurence D21-2106
**     Processing rentity occurence F04-0408
**     Processing rentity occurence F06-0610
**     Processing rentity occurence G03-0306
**     Processing rentity occurence G14-1401
**     Processing rentity occurence G21-2101
**     Processing rentity occurence G2207-2207
**     Processing rentity occurence G4-0403
**     Processing rentity occurence G4-0404
**     Processing rentity occurence G4-0405
** Processing rperson record rperson$rp-7
**     Processing rentity occurence aniverE1508-per1
**     Processing rentity occurence C07-0711
** Processing rperson record rperson$rp-46
**     Processing rentity occurence A14-140502
**     Processing rentity occurence aniverE27-per1
** Processing rperson record rperson$rp-47
**     Processing rentity occurence A05-051102
**     Processing rentity occurence E2-020202
** Processing rperson record rperson$rp-48
**     Processing rentity occurence E02-0211
**     Processing rentity occurence E29-290602
** Processing rperson record rperson$rp-49
**     Processing rentity occurence aniverE20-per1
**     Processing rentity occurence G22-220402
** Processing rperson record rperson$rp-50
**     Processing rentity occurence A1607-1607
**     Processing rentity occurence D0708-0708
** Processing rperson record rperson$rp-6
**     Processing rentity occurence aniverD1408-per1
**     Processing rentity occurence CST-2309
**     Processing rentity occurence CSTC-0101
**     Processing rentity occurence CSTC-0102
**     Processing rentity occurence CSTC-0103
**     Processing rentity occurence CSTC-0104
**     Processing rentity occurence CSTC-0105
**     Processing rentity occurence CSTC-0106
**     Processing rentity occurence CSTC-0107
**     Processing rentity occurence CSTC-0108
**     Processing rentity occurence CSTC-0109
**     Processing rentity occurence CSTC-0110
**     Processing rentity occurence CSTC-0111
**     Processing rentity occurence CSTC-0112
**     Processing rentity occurence CSTC-0201
**     Processing rentity occurence CSTC-0202
**     Processing rentity occurence CSTC-0203
**     Processing rentity occurence CSTC-0204
**     Processing rentity occurence CSTC-0205
**     Processing rentity occurence CSTC-0206
**     Processing rentity occurence CSTC-0207
**     Processing rentity occurence CSTC-0208
**     Processing rentity occurence CSTC-0209
**     Processing rentity occurence CSTC-0210
**     Processing rentity occurence CSTC-0211
**     Processing rentity occurence CSTC-0212
**     Processing rentity occurence CSTC-0301
**     Processing rentity occurence CSTC-0302
**     Processing rentity occurence CSTC-0303
**     Processing rentity occurence CSTC-0304
**     Processing rentity occurence CSTC-0305
**     Processing rentity occurence CSTC-0306
**     Processing rentity occurence CSTC-0307
**     Processing rentity occurence CSTC-0308
**     Processing rentity occurence CSTC-0309
**     Processing rentity occurence CSTC-0310
**     Processing rentity occurence CSTC-0311
**     Processing rentity occurence CSTC-0312
**     Processing rentity occurence CSTC-0401
**     Processing rentity occurence CSTC-0402
**     Processing rentity occurence CSTC-0403
**     Processing rentity occurence CSTC-0404
**     Processing rentity occurence CSTC-0405
**     Processing rentity occurence CSTC-0406
**     Processing rentity occurence CSTC-0407
**     Processing rentity occurence CSTC-0408
**     Processing rentity occurence CSTC-0409
**     Processing rentity occurence CSTC-0410
**     Processing rentity occurence CSTC-0411
**     Processing rentity occurence CSTC-0412
**     Processing rentity occurence CSTC-0502
**     Processing rentity occurence CSTC-0503
**     Processing rentity occurence CSTC-0504
**     Processing rentity occurence CSTC-0505
**     Processing rentity occurence CSTC-0506
**     Processing rentity occurence CSTC-0507
**     Processing rentity occurence CSTC-0508
**     Processing rentity occurence CSTC-0508c
**     Processing rentity occurence CSTC-0509
**     Processing rentity occurence CSTC-0510
**     Processing rentity occurence CSTC-0511
**     Processing rentity occurence CSTC-0512
**     Processing rentity occurence CSTC-0601
**     Processing rentity occurence CSTC-0602
**     Processing rentity occurence CSTC-0603
**     Processing rentity occurence CSTC-0604
**     Processing rentity occurence CSTC-0605
**     Processing rentity occurence CSTC-0606
**     Processing rentity occurence CSTC-0607
**     Processing rentity occurence CSTC-0608
**     Processing rentity occurence CSTC-0608c
**     Processing rentity occurence CSTC-0609
**     Processing rentity occurence CSTC-0610
**     Processing rentity occurence CSTC-0612
**     Processing rentity occurence CSTC-0701
**     Processing rentity occurence CSTC-0702
**     Processing rentity occurence CSTC-0703
**     Processing rentity occurence CSTC-0704
**     Processing rentity occurence CSTC-0705
**     Processing rentity occurence CSTC-0706
**     Processing rentity occurence CSTC-0707
**     Processing rentity occurence CSTC-0708
**     Processing rentity occurence CSTC-0709
**     Processing rentity occurence CSTC-0710
**     Processing rentity occurence CSTC-0711
**     Processing rentity occurence CSTC-0712
**     Processing rentity occurence CSTC-0801
**     Processing rentity occurence CSTC-0802
**     Processing rentity occurence CSTC-0803
**     Processing rentity occurence CSTC-0804
**     Processing rentity occurence CSTC-0805
**     Processing rentity occurence CSTC-0806
**     Processing rentity occurence CSTC-0807
**     Processing rentity occurence CSTC-0808
**     Processing rentity occurence CSTC-0810
**     Processing rentity occurence CSTC-0811
**     Processing rentity occurence CSTC-0812
**     Processing rentity occurence CSTC-0901
**     Processing rentity occurence CSTC-0902
**     Processing rentity occurence CSTC-0903
**     Processing rentity occurence CSTC-0905
**     Processing rentity occurence CSTC-0906
**     Processing rentity occurence CSTC-0907
**     Processing rentity occurence CSTC-0908
**     Processing rentity occurence CSTC-0910
**     Processing rentity occurence CSTC-0911
**     Processing rentity occurence CSTC-0912
**     Processing rentity occurence CSTC-1001
**     Processing rentity occurence CSTC-1002
**     Processing rentity occurence CSTC-1003
**     Processing rentity occurence CSTC-1004
**     Processing rentity occurence CSTC-1005
**     Processing rentity occurence CSTC-1006
**     Processing rentity occurence CSTC-1007
**     Processing rentity occurence CSTC-1008
**     Processing rentity occurence CSTC-1009
**     Processing rentity occurence CSTC-1010
**     Processing rentity occurence CSTC-1011
**     Processing rentity occurence CSTC-1012
**     Processing rentity occurence CSTC-1101
**     Processing rentity occurence CSTC-1102
**     Processing rentity occurence CSTC-1103
**     Processing rentity occurence CSTC-1104
**     Processing rentity occurence CSTC-1105
**     Processing rentity occurence CSTC-1106
**     Processing rentity occurence CSTC-1107
**     Processing rentity occurence CSTC-1108
**     Processing rentity occurence CSTC-1109
**     Processing rentity occurence CSTC-1110
**     Processing rentity occurence CSTC-1111
**     Processing rentity occurence CSTC-1112
**     Processing rentity occurence CSTC-1201
**     Processing rentity occurence CSTC-1202
**     Processing rentity occurence CSTC-1203
**     Processing rentity occurence CSTC-1204
**     Processing rentity occurence CSTC-1205
**     Processing rentity occurence CSTC-1206
**     Processing rentity occurence CSTC-1207
**     Processing rentity occurence CSTC-1208
**     Processing rentity occurence CSTC-1209
**     Processing rentity occurence CSTC-1210
**     Processing rentity occurence CSTC-1211
**     Processing rentity occurence CSTC-1212
**     Processing rentity occurence CSTC-1301
**     Processing rentity occurence CSTC-1303
**     Processing rentity occurence CSTC-1304
**     Processing rentity occurence CSTC-1305
**     Processing rentity occurence CSTC-1306
**     Processing rentity occurence CSTC-1307
**     Processing rentity occurence CSTC-1308
**     Processing rentity occurence CSTC-1309
**     Processing rentity occurence CSTC-1310
**     Processing rentity occurence CSTC-1311
**     Processing rentity occurence CSTC-1312
**     Processing rentity occurence CSTC-1401
**     Processing rentity occurence CSTC-1402
**     Processing rentity occurence CSTC-1403
**     Processing rentity occurence CSTC-1404
**     Processing rentity occurence CSTC-1405
**     Processing rentity occurence CSTC-1406
**     Processing rentity occurence CSTC-1407
**     Processing rentity occurence CSTC-1409
**     Processing rentity occurence CSTC-1410
**     Processing rentity occurence CSTC-1411
**     Processing rentity occurence CSTC-1412
**     Processing rentity occurence CSTC-1501
**     Processing rentity occurence CSTC-1502
**     Processing rentity occurence CSTC-1503
**     Processing rentity occurence CSTC-1504
**     Processing rentity occurence CSTC-1505
**     Processing rentity occurence CSTC-1506
**     Processing rentity occurence CSTC-1507
**     Processing rentity occurence CSTC-1508
**     Processing rentity occurence CSTC-1509
**     Processing rentity occurence CSTC-1510
**     Processing rentity occurence CSTC-1511
**     Processing rentity occurence CSTC-1512
**     Processing rentity occurence CSTC-16006
**     Processing rentity occurence CSTC-1601
**     Processing rentity occurence CSTC-1602
**     Processing rentity occurence CSTC-1603
**     Processing rentity occurence CSTC-1604
**     Processing rentity occurence CSTC-1605
**     Processing rentity occurence CSTC-1607
**     Processing rentity occurence CSTC-1608
**     Processing rentity occurence CSTC-1609
**     Processing rentity occurence CSTC-1610
**     Processing rentity occurence CSTC-1611
**     Processing rentity occurence CSTC-1612
**     Processing rentity occurence CSTC-1701
**     Processing rentity occurence CSTC-1702
**     Processing rentity occurence CSTC-1703
**     Processing rentity occurence CSTC-1704
**     Processing rentity occurence CSTC-1705
**     Processing rentity occurence CSTC-1706
**     Processing rentity occurence CSTC-1707
**     Processing rentity occurence CSTC-1708
**     Processing rentity occurence CSTC-1709
**     Processing rentity occurence CSTC-1710
**     Processing rentity occurence CSTC-1711
**     Processing rentity occurence CSTC-1712
**     Processing rentity occurence CSTC-1801
**     Processing rentity occurence CSTC-1802
**     Processing rentity occurence CSTC-1803
**     Processing rentity occurence CSTC-1804
**     Processing rentity occurence CSTC-1805
**     Processing rentity occurence CSTC-1806
**     Processing rentity occurence CSTC-1807
**     Processing rentity occurence CSTC-1808
**     Processing rentity occurence CSTC-1809
**     Processing rentity occurence CSTC-1810
**     Processing rentity occurence CSTC-1811
**     Processing rentity occurence CSTC-1812
**     Processing rentity occurence CSTC-1901
**     Processing rentity occurence CSTC-1902
**     Processing rentity occurence CSTC-1903
**     Processing rentity occurence CSTC-1904
**     Processing rentity occurence CSTC-1905
**     Processing rentity occurence CSTC-1906
**     Processing rentity occurence CSTC-1907
**     Processing rentity occurence CSTC-1908
**     Processing rentity occurence CSTC-1909
**     Processing rentity occurence CSTC-1910
**     Processing rentity occurence CSTC-1911
**     Processing rentity occurence CSTC-1912
**     Processing rentity occurence CSTC-2002
**     Processing rentity occurence CSTC-2003
**     Processing rentity occurence CSTC-2004
**     Processing rentity occurence CSTC-2005
**     Processing rentity occurence CSTC-2006
**     Processing rentity occurence CSTC-2007
**     Processing rentity occurence CSTC-2008
**     Processing rentity occurence CSTC-2009
**     Processing rentity occurence CSTC-2010
**     Processing rentity occurence CSTC-2011
**     Processing rentity occurence CSTC-2012
**     Processing rentity occurence CSTC-2101
**     Processing rentity occurence CSTC-2102
**     Processing rentity occurence CSTC-2103
**     Processing rentity occurence CSTC-2104
**     Processing rentity occurence CSTC-2105
**     Processing rentity occurence CSTC-2106
**     Processing rentity occurence CSTC-2107
**     Processing rentity occurence CSTC-2108
**     Processing rentity occurence CSTC-2109
**     Processing rentity occurence CSTC-2110
**     Processing rentity occurence CSTC-2111
**     Processing rentity occurence CSTC-2112
**     Processing rentity occurence CSTC-2201
**     Processing rentity occurence CSTC-2203
**     Processing rentity occurence CSTC-2204
**     Processing rentity occurence CSTC-2205
**     Processing rentity occurence CSTC-2206
**     Processing rentity occurence CSTC-2207
**     Processing rentity occurence CSTC-2208
**     Processing rentity occurence CSTC-2209
**     Processing rentity occurence CSTC-2210
**     Processing rentity occurence CSTC-2211
**     Processing rentity occurence CSTC-2212
**     Processing rentity occurence CSTC-2301
**     Processing rentity occurence CSTC-2303
**     Processing rentity occurence CSTC-2304
**     Processing rentity occurence CSTC-2305
**     Processing rentity occurence CSTC-2306
**     Processing rentity occurence CSTC-2307
**     Processing rentity occurence CSTC-2308
**     Processing rentity occurence CSTC-2310
**     Processing rentity occurence CSTC-2311
**     Processing rentity occurence CSTC-2312
**     Processing rentity occurence CSTC-2401
**     Processing rentity occurence CSTC-2403
**     Processing rentity occurence CSTC-2404
**     Processing rentity occurence CSTC-2405
**     Processing rentity occurence CSTC-2406
**     Processing rentity occurence CSTC-2407
**     Processing rentity occurence CSTC-2408
**     Processing rentity occurence CSTC-2409
**     Processing rentity occurence CSTC-2410
**     Processing rentity occurence CSTC-2411
**     Processing rentity occurence CSTC-2412
**     Processing rentity occurence CSTC-2501
**     Processing rentity occurence CSTC-2503
**     Processing rentity occurence CSTC-2504
**     Processing rentity occurence CSTC-2505
**     Processing rentity occurence CSTC-2506
**     Processing rentity occurence CSTC-2507
**     Processing rentity occurence CSTC-2509
**     Processing rentity occurence CSTC-2510
**     Processing rentity occurence CSTC-2511
**     Processing rentity occurence CSTC-2512
**     Processing rentity occurence CSTC-26006
**     Processing rentity occurence CSTC-2601
**     Processing rentity occurence CSTC-2603
**     Processing rentity occurence CSTC-2604
**     Processing rentity occurence CSTC-2605
**     Processing rentity occurence CSTC-2607
**     Processing rentity occurence CSTC-2608
**     Processing rentity occurence CSTC-2609
**     Processing rentity occurence CSTC-2610
**     Processing rentity occurence CSTC-2611
**     Processing rentity occurence CSTC-2701
**     Processing rentity occurence CSTC-2703
**     Processing rentity occurence CSTC-2704
**     Processing rentity occurence CSTC-2705
**     Processing rentity occurence CSTC-2706
**     Processing rentity occurence CSTC-2707
**     Processing rentity occurence CSTC-2708
**     Processing rentity occurence CSTC-2709
**     Processing rentity occurence CSTC-2710
**     Processing rentity occurence CSTC-2711
**     Processing rentity occurence CSTC-2712
**     Processing rentity occurence CSTC-2801
**     Processing rentity occurence CSTC-2803
**     Processing rentity occurence CSTC-2804
**     Processing rentity occurence CSTC-2805
**     Processing rentity occurence CSTC-2806
**     Processing rentity occurence CSTC-2807
**     Processing rentity occurence CSTC-2808
**     Processing rentity occurence CSTC-2809
**     Processing rentity occurence CSTC-2809c
**     Processing rentity occurence CSTC-2811
**     Processing rentity occurence CSTC-2812
**     Processing rentity occurence CSTC-2901
**     Processing rentity occurence CSTC-2903
**     Processing rentity occurence CSTC-2904
**     Processing rentity occurence CSTC-2905
**     Processing rentity occurence CSTC-2906
**     Processing rentity occurence CSTC-2907
**     Processing rentity occurence CSTC-2908
**     Processing rentity occurence CSTC-2909
**     Processing rentity occurence CSTC-2909c
**     Processing rentity occurence CSTC-2910
**     Processing rentity occurence CSTC-2911
**     Processing rentity occurence CSTC-2912
**     Processing rentity occurence CSTC-3001
**     Processing rentity occurence CSTC-3003
**     Processing rentity occurence CSTC-3004
**     Processing rentity occurence CSTC-3005
**     Processing rentity occurence CSTC-3006
**     Processing rentity occurence CSTC-3007
**     Processing rentity occurence CSTC-3009
**     Processing rentity occurence CSTC-3010
**     Processing rentity occurence CSTC-3011
**     Processing rentity occurence CSTC-3012
**     Processing rentity occurence CSTC-3101
**     Processing rentity occurence CSTC-3103
**     Processing rentity occurence CSTC-3105
**     Processing rentity occurence CSTC-3107
**     Processing rentity occurence CSTC-3110
**     Processing rentity occurence CSTC-3112
**     Processing rentity occurence CSTC-G2810-2810
**     Processing rentity occurence CTSC-0904
** Processing rperson record rperson$rp-20
**     Processing rentity occurence A2210-2210
**     Processing rentity occurence aniverC1409-per1
**     Processing rentity occurence aniverG10-per1
**     Processing rentity occurence B10-1004
**     Processing rentity occurence B24-2404
**     Processing rentity occurence D12-1207
**     Processing rentity occurence D2211-2211
**     Processing rentity occurence E0808-0808
**     Processing rentity occurence E14-1412
**     Processing rentity occurence G20-2005
** Processing rperson record rperson$rp-51
**     Processing rentity occurence 260602
**     Processing rentity occurence A17-171202
**     Processing rentity occurence D2607-260702
**     Processing rentity occurence E0712-071202
** Processing rperson record rperson$rp-52
**     Processing rentity occurence A2910-291002
**     Processing rentity occurence AC0512-051202
**     Processing rentity occurence aniverE5-per1-2
**     Processing rentity occurence aniverF06-per1
**     Processing rentity occurence aniverG14-per1
**     Processing rentity occurence B04-040902
**     Processing rentity occurence B10-100702
**     Processing rentity occurence C04-0407cm
**     Processing rentity occurence D21-210602
**     Processing rentity occurence F04-040802
**     Processing rentity occurence G03-030602
**     Processing rentity occurence G2207-220702
**     Processing rentity occurence G4-040302
**     Processing rentity occurence G4-040402
**     Processing rentity occurence G4-040502
** Processing rperson record rperson$rp-21
**     Processing rentity occurence D1408-1408
**     Processing rentity occurence F2605
** Processing rperson record rperson$rp-22
**     Processing rentity occurence A29-2901
**     Processing rentity occurence aniverE2809-per1
**     Processing rentity occurence B2608-2608
**     Processing rentity occurence B29-2905
**     Processing rentity occurence C18-1804
**     Processing rentity occurence C2811-2811
**     Processing rentity occurence D28-2806
**     Processing rentity occurence E1812-2812
**     Processing rentity occurence E30-3003
**     Processing rentity occurence F28-2804
**     Processing rentity occurence G2907-2907
** Processing rperson record rperson$rp-75
**     Processing rentity occurence A1911-191102
**     Processing rentity occurence F1011-fg
** Processing rperson record rperson$rp-23
**     Processing rentity occurence A15-1501
**     Processing rentity occurence A1510-1510
**     Processing rentity occurence A1808-1808
**     Processing rentity occurence B15-1505
**     Processing rentity occurence D15-1502
**     Processing rentity occurence D15-1503
**     Processing rentity occurence D1511-1511
**     Processing rentity occurence F14-1404
**     Processing rentity occurence F15-1506
**     Processing rentity occurence F15-1512
**     Processing rentity occurence F1709-1709
** Processing rperson record rperson$rp-76
**     Processing rentity occurence C1308-1308
**     Processing rentity occurence G27-2705
** Processing rperson record rperson$rp-72
**     Processing rentity occurence B12-120602
**     Processing rentity occurence C21-210302
**     Processing rentity occurence D12-120402
** Processing rperson record rperson$rp-73
**     Processing rentity occurence A25-250602
**     Processing rentity occurence D24-240502
**     Processing rentity occurence E2610-2610
** Processing rperson record rperson$rp-8
**     Processing rentity occurence D2911-goncalo
**     Processing rentity occurence F22-2212
** Processing rperson record rperson$rp-24
**     Processing rentity occurence A21-2105
**     Processing rentity occurence aniverE6-per1
**     Processing rentity occurence B6-0602
**     Processing rentity occurence B6-0603
**     Processing rentity occurence C19-1912
**     Processing rentity occurence D1-0401
**     Processing rentity occurence D1907-1907
**     Processing rentity occurence E08-0806
**     Processing rentity occurence E1210-1210
**     Processing rentity occurence g6-0605
** Processing rperson record rperson$rp-53
**     Processing rentity occurence D18-1801
**     Processing rentity occurence F3-0302
**     Processing rentity occurence G0912-0912
** Processing rperson record rperson$rp-4
**     Processing rentity occurence A11-1106
**     Processing rentity occurence A12-1203
**     Processing rentity occurence A1211-1211
**     Processing rentity occurence B1112-1112
**     Processing rentity occurence B1309-1309
**     Processing rentity occurence C011-1104
**     Processing rentity occurence C11-1107
**     Processing rentity occurence D1110-1110
**     Processing rentity occurence D27-271202
**     Processing rentity occurence E11-1105
**     Processing rentity occurence E12-1201
**     Processing rentity occurence F16-160602
**     Processing rentity occurence F2308-230802
**     Processing rentity occurence G1008-1008
**     Processing rentity occurence G11-1102
**     Processing rentity occurence G1811-181103
**     Processing rentity occurence G2509-250903
** Processing rperson record rperson$rp-54
**     Processing rentity occurence B1208-120802
**     Processing rentity occurence C31-311002
**     Processing rentity occurence E2208-220802
**     Processing rentity occurence E3011-301102
** Processing rperson record rperson$rp-55
**     Processing rentity occurence aniverA1-per1
**     Processing rentity occurence D01-011102
** Processing rperson record rperson$rp-84
**     Processing rentity occurence C10-1001
**     Processing rentity occurence D11-1101
** Processing rperson record rperson$rp-25
**     Processing rentity occurence D1509-1509
**     Processing rentity occurence D1810-1810
**     Processing rentity occurence E21-2112
**     Processing rentity occurence E2311-2311
** Processing rperson record rperson$rp-26
**     Processing rentity occurence A0313-031202
**     Processing rentity occurence A06-060802
**     Processing rentity occurence aniverD10-per1
**     Processing rentity occurence aniverG7-per1
**     Processing rentity occurence E05-05102
**     Processing rentity occurence F03-031102
**     Processing rentity occurence F09-090602
**     Processing rentity occurence G1109-110902
** Processing rperson record rperson$rp-27
**     Processing rentity occurence E02-021102
**     Processing rentity occurence E29-2906
** Processing rperson record rperson$rp-77
**     Processing rentity occurence A14-1405
**     Processing rentity occurence E27-2704
** Processing rperson record rperson$rp-78
**     Processing rentity occurence B30-3001
**     Processing rentity occurence G18-1802
** Processing rperson record rperson$rp-5
**     Processing rentity occurence A11-110602
**     Processing rentity occurence A12-120302
**     Processing rentity occurence A1211-121102
**     Processing rentity occurence A28-2805
**     Processing rentity occurence A8-0801-per1-2
**     Processing rentity occurence B1112-111202
**     Processing rentity occurence B17-1704
**     Processing rentity occurence B2011-2011
**     Processing rentity occurence C011-1104-per1
**     Processing rentity occurence C11-110702
**     Processing rentity occurence C16-1605
**     Processing rentity occurence C20-2006
**     Processing rentity occurence D1110-111002
**     Processing rentity occurence D13-1312
**     Processing rentity occurence D27-2712
**     Processing rentity occurence D2909-2909
**     Processing rentity occurence E11-110502
**     Processing rentity occurence E12-1201-per1
**     Processing rentity occurence E16-1602
**     Processing rentity occurence E19-1901
**     Processing rentity occurence F13-1301
**     Processing rentity occurence F2308-2308
**     Processing rentity occurence G1008-100802
**     Processing rentity occurence G11-1102-per1
**     Processing rentity occurence G1811-jp
**     Processing rentity occurence G2509-2509
**     Processing rentity occurence G4-0402
** Processing rperson record rperson$rp-79
**     Processing rentity occurence B23-2301
**     Processing rentity occurence C2-0205
**     Processing rentity occurence C27-2706
**     Processing rentity occurence E1611-1611-per1-2
**     Processing rentity occurence F02-0206
**     Processing rentity occurence F21-2104
**     Processing rentity occurence G01-0107
**     Processing rentity occurence G8-0804
** Processing rperson record rperson$rp-28
**     Processing rentity occurence A7-0705
**     Processing rentity occurence G2-0209
** Processing rperson record rperson$rp-56
**     Processing rentity occurence A1012-101202
**     Processing rentity occurence A12-120202
**     Processing rentity occurence A19-190202
**     Processing rentity occurence A1909-190902
**     Processing rentity occurence aniverC2111-per1
**     Processing rentity occurence B02-02102
**     Processing rentity occurence B0412-0412102
**     Processing rentity occurence B09-09102
**     Processing rentity occurence C05-050902
**     Processing rentity occurence C1212-121202
**     Processing rentity occurence C2808-200802
**     Processing rentity occurence D08-081102
**     Processing rentity occurence D20-201202
**     Processing rentity occurence D2808-280802
**     Processing rentity occurence E1609-160902
**     Processing rentity occurence E1910-191002
**     Processing rentity occurence F10-100202
**     Processing rentity occurence F1711-171102
**     Processing rentity occurence F2409-240902
**     Processing rentity occurence F2409-290902
**     Processing rentity occurence G1410-141002
**     Processing rentity occurence G16-161202
**     Processing rentity occurence G2110-211002
** Processing rperson record rperson$rp-57
**     Processing rentity occurence A19-1903
**     Processing rentity occurence C28-2803
**     Processing rentity occurence C2809-2809
**     Processing rentity occurence D29-2903
**     Processing rentity occurence E16-1603
**     Processing rentity occurence G18-1803
** Processing rperson record rperson$rp-58
**     Processing rentity occurence B8-0805
**     Processing rentity occurence C2708-2708
**     Processing rentity occurence D26-2604
**     Processing rentity occurence F23-230602
**     Processing rentity occurence G23-2312
** Processing rperson record rperson$rp-59
**     Processing rentity occurence C25-250402
**     Processing rentity occurence F012-011202
** Processing rperson record rperson$rp-60
**     Processing rentity occurence A8-0801
**     Processing rentity occurence C1010-1010
**     Processing rentity occurence C7-0702
**     Processing rentity occurence C7-0703
**     Processing rentity occurence D06-0609
**     Processing rentity occurence D0612-0612
**     Processing rentity occurence E1611-1611
**     Processing rentity occurence F7-0704
** Processing rperson record rperson$rp-61
**     Processing rentity occurence E22-2206
**     Processing rentity occurence G2810-2810
** Processing rperson record rperson$rp-62
**     Processing rentity occurence A0810-0810
**     Processing rentity occurence A1108-1108
**     Processing rentity occurence C2507-2507
**     Processing rentity occurence E06-0607
**     Processing rentity occurence F0812-0812
**     Processing rentity occurence g0710-0710
** Processing rperson record rperson$rp-63
**     Processing rentity occurence d22-2203
**     Processing rentity occurence E18-1805
**     Processing rentity occurence E2309-2309
**     Processing rentity occurence E9-0902
**     Processing rentity occurence F1310-1310
** Processing rperson record rperson$rp-64
**     Processing rentity occurence B17-170402
**     Processing rentity occurence C16-160504
**     Processing rentity occurence C20-200604
**     Processing rentity occurence D27-271204
**     Processing rentity occurence E16-160202
**     Processing rentity occurence F2308-230804
**     Processing rentity occurence G1811-181102
** Processing rperson record rperson$rp-29
**     Processing rentity occurence aniverD18-per1
**     Processing rentity occurence F3-030202
**     Processing rentity occurence G0912-091202
** Processing rperson record rperson$rp-30
**     Processing rentity occurence D25-2501
**     Processing rentity occurence F0908-0809
**     Processing rentity occurence F2912-2912
** Processing rperson record rperson$rp-31
**     Processing rentity occurence C26-2612
**     Processing rentity occurence G25-2503
** Processing rperson record rperson$rp-32
**     Processing rentity occurence A2307-2307
**     Processing rentity occurence B3107-3107
**     Processing rentity occurence C1807-18007
**     Processing rentity occurence D07-0706
**     Processing rentity occurence D14-1406
**     Processing rentity occurence E2707-2707
**     Processing rentity occurence F1407-1407
**     Processing rentity occurence G0608-0608
**     Processing rentity occurence G08-0807
**     Processing rentity occurence G1708-1708
** Processing rperson record rperson$rp-85
**     Processing rentity occurence C1710-1710
**     Processing rentity occurence F10-1003
** Processing rperson record rperson$rp-41
**     Processing rentity occurence B17-170404
**     Processing rentity occurence C16-160503
**     Processing rentity occurence C20-200603
**     Processing rentity occurence D27-271203
**     Processing rentity occurence E16-160204
**     Processing rentity occurence E19-1901-filho
**     Processing rentity occurence F2308-230803
**     Processing rentity occurence G1811-181104
**     Processing rentity occurence G2509-250904
**     Processing rentity occurence G4-040203
** Processing rperson record rperson$rp-42
**     Processing rentity occurence aniverA9-per2
**     Processing rentity occurence B03-030702
**     Processing rentity occurence C14-140202
**     Processing rentity occurence C14-140302
** Processing rperson record rperson$rp-43
**     Processing rentity occurence aniverE21-per1-2
**     Processing rentity occurence aniverE2311-per1-2
** Processing rperson record rperson$rp-65
**     Processing rentity occurence B17-170403
**     Processing rentity occurence C16-160502
**     Processing rentity occurence C20-200602
**     Processing rentity occurence E16-160203
**     Processing rentity occurence E19-1901-mulher
**     Processing rentity occurence G4-040202
** Processing rperson record rperson$rp-66
**     Processing rentity occurence A09-090702
**     Processing rentity occurence aniverC9-per1
**     Processing rentity occurence C2109-210902
**     Processing rentity occurence E09-091102
** Processing rperson record rperson$rp-67
**     Processing rentity occurence A22-220102
**     Processing rentity occurence G21-210102
** Processing rperson record rperson$rp-83
**     Processing rentity occurence B17-170405
**     Processing rentity occurence C16-160505
**     Processing rentity occurence D27-271205
**     Processing rentity occurence F2308-230805
**     Processing rentity occurence G1811-181105
**     Processing rentity occurence G2509-250905
** Processing rperson record rperson$rp-33
**     Processing rentity occurence A1-0101
**     Processing rentity occurence B31-3101
**     Processing rentity occurence D01-0111
** Processing rperson record rperson$rp-34
**     Processing rentity occurence A1012-1012
**     Processing rentity occurence A12-1202
**     Processing rentity occurence A19-1902
**     Processing rentity occurence A1909-1909
**     Processing rentity occurence B02-0210
**     Processing rentity occurence B0412-0412
**     Processing rentity occurence B09-0910
**     Processing rentity occurence C05-0509
**     Processing rentity occurence C1212-1212
**     Processing rentity occurence C2111-pa
**     Processing rentity occurence C2808-2008
**     Processing rentity occurence D08-0811
**     Processing rentity occurence D20-2012
**     Processing rentity occurence D2808-2808
**     Processing rentity occurence E1609-1609
**     Processing rentity occurence E1910-1910
**     Processing rentity occurence F10-1002
**     Processing rentity occurence F1711-1711
**     Processing rentity occurence F2409-2409
**     Processing rentity occurence F2909-2909
**     Processing rentity occurence G1410-1410
**     Processing rentity occurence G16-1612
**     Processing rentity occurence G2110-2110
** Processing rperson record rperson$rp-35
**     Processing rentity occurence A01-0110
**     Processing rentity occurence A02-0207
**     Processing rentity occurence B1-0105
**     Processing rentity occurence C01-0108
**     Processing rentity occurence D04-0410
**     Processing rentity occurence D1b-0103
**     Processing rentity occurence E01-0106
**     Processing rentity occurence F01-0109
**     Processing rentity occurence G1-0104
** Processing rperson record rperson$rp-36
**     Processing rentity occurence A25-2506
**     Processing rentity occurence B0508-0508
**     Processing rentity occurence B1908-1908
**     Processing rentity occurence D24-2405
** Processing rperson record rperson$rp-80
**     Processing rentity occurence A09-0907
**     Processing rentity occurence aniverE1307-per1-2
**     Processing rentity occurence B9-0901
**     Processing rentity occurence C2109-2109
**     Processing rentity occurence C9-0905
**     Processing rentity occurence E09-0911
**     Processing rentity occurence E1307-130703
**     Processing rentity occurence E9-0903
** Processing rperson record rperson$rp-37
**     Processing rentity occurence A24-2412
**     Processing rentity occurence B16-1601
**     Processing rentity occurence B19-1906
**     Processing rentity occurence B2709-2709
**     Processing rentity occurence D8-0802
**     Processing rentity occurence E03-0308
**     Processing rentity occurence E13-1304
**     Processing rentity occurence F12-1205
**     Processing rentity occurence F17-1703
**     Processing rentity occurence F2807-2807
** Processing rperson record rperson$rp-69
**     Processing rentity occurence B27-2703
**     Processing rentity occurence F1608-1608
** Processing rperson record rperson$rp-70
**     Processing rentity occurence A2307-230702
**     Processing rentity occurence aniverC0608-per1
**     Processing rentity occurence B3107-310702
**     Processing rentity occurence C1807-180702
**     Processing rentity occurence D07-070602
**     Processing rentity occurence D14-140602
**     Processing rentity occurence E2707-270702
**     Processing rentity occurence F1407-140702
**     Processing rentity occurence G08-0807te
**     Processing rentity occurence G1708-170802
** Processing rperson record rperson$rp-38
**     Processing rentity occurence B1208-1208
**     Processing rentity occurence C31-3110
**     Processing rentity occurence E2208-2208
**     Processing rentity occurence E3011-3011
** Processing rperson record rperson$rp-39
**     Processing rentity occurence C13-1306
**     Processing rentity occurence G2511-2511
** Processing rperson record rperson$rp-40
**     Processing rentity occurence C25-2504
**     Processing rentity occurence F0112-0112
** Processing rperson record rperson$rp-82
**     Processing rentity occurence C1010-101002
**     Processing rentity occurence C7-070302
**     Processing rentity occurence D06-0609cl
**     Processing rentity occurence D0612-061202
**     Processing rentity occurence E1611-161102
**     Processing rentity occurence F7-070402
** Processing rperson record rperson$rp-71
**     Processing rentity occurence C1308-130802
**     Processing rentity occurence G27-270502
*** End of File


Structure file: /kleio-home/system/conf/kleio/stru/gacto2.str
Structure processing report: /kleio-home/system/conf/kleio/stru/gacto2.srpt
Structure in JSON: /kleio-home/system/conf/kleio/stru/gacto2.str.json

Kleio file: /kleio-home/sources/COMMEMORtis_ST/identifications/mhk_identification_commerst.cli
Original file: /kleio-home/sources/COMMEMORtis_ST/identifications/mhk_identification_commerst.org
Previous version: /kleio-home/sources/COMMEMORtis_ST/identifications/mhk_identification_commerst.old
Temp file with ids: /kleio-home/sources/COMMEMORtis_ST/identifications/mhk_identification_commerst.ids
0  errors. 
0  warnings.
Translation finished.
